<?xml version="1.0" encoding="UTF-8"?>
<!-- Generated by org.testng.reporters.JUnitReportReporter -->
<testsuite hostname="INBOOK_X1_SLIM" failures="0" tests="1" name="DeviceManagement.Devicemgt_TC_004" time="18.546" errors="0" timestamp="2023-12-01T12:53:03 IST" skipped="0">
  <testcase classname="DeviceManagement.Devicemgt_TC_004" name="filterbydevicetypes" time="18.546"/>
  <system-out/>
</testsuite> <!-- DeviceManagement.Devicemgt_TC_004 -->
