<?xml version="1.0" encoding="UTF-8"?>
<!-- Generated by org.testng.reporters.JUnitReportReporter -->
<testsuite hostname="INBOOK_X1_SLIM" failures="0" tests="1" name="logintest.Login_TC_003" time="0.000" errors="0" timestamp="2023-11-07T13:58:16 IST" skipped="1">
  <testcase classname="logintest.Login_TC_003" name="loginDDT" time="0.000">
    <skipped/>
  </testcase> <!-- loginDDT -->
  <system-out/>
</testsuite> <!-- logintest.Login_TC_003 -->
