<?xml version="1.0" encoding="UTF-8"?>
<!-- Generated by org.testng.reporters.JUnitReportReporter -->
<testsuite hostname="INBOOK_X1_SLIM" failures="0" tests="1" name="DeviceManagement.Devicemgt_TC_003" time="23.710" errors="0" timestamp="2023-12-01T12:39:50 IST" skipped="0">
  <testcase classname="DeviceManagement.Devicemgt_TC_003" name="filterbydevicetype" time="23.710"/>
  <system-out/>
</testsuite> <!-- DeviceManagement.Devicemgt_TC_003 -->
