<?xml version="1.0" encoding="UTF-8"?>
<!-- Generated by org.testng.reporters.JUnitReportReporter -->
<testsuite hostname="INBOOK_X1_SLIM" failures="0" tests="1" name="Device.Device_TC_006" time="38.003" errors="0" timestamp="2023-11-17T15:45:05 IST" skipped="0">
  <testcase classname="Device.Device_TC_006" name="devicetest" time="38.003"/>
  <system-out/>
</testsuite> <!-- Device.Device_TC_006 -->
