<?xml version="1.0" encoding="UTF-8"?>
<!-- Generated by org.testng.reporters.JUnitReportReporter -->
<testsuite hostname="INBOOK_X1_SLIM" failures="0" tests="1" name="Device.DeviceStatus_TC_001" time="10.319" errors="0" timestamp="2023-11-17T12:48:35 IST" skipped="0">
  <testcase classname="Device.DeviceStatus_TC_001" name="alarmtest" time="10.319"/>
  <system-out/>
</testsuite> <!-- Device.DeviceStatus_TC_001 -->
