<?xml version="1.0" encoding="UTF-8"?>
<!-- Generated by org.testng.reporters.JUnitReportReporter -->
<testsuite hostname="INBOOK_X1_SLIM" failures="0" tests="1" name="Device.Device_TC_009" time="14.262" errors="0" timestamp="2023-11-17T16:19:59 IST" skipped="0">
  <testcase classname="Device.Device_TC_009" name="devicetest" time="14.262"/>
  <system-out/>
</testsuite> <!-- Device.Device_TC_009 -->
