<?xml version="1.0" encoding="UTF-8"?>
<!-- Generated by org.testng.reporters.JUnitReportReporter -->
<testsuite hostname="INBOOK_X1_SLIM" failures="0" tests="1" name="sg360.testcases.Login_TC_001" time="25.613" errors="0" timestamp="2023-11-04T13:24:26 IST" skipped="0">
  <testcase classname="sg360.testcases.Login_TC_001" name="loginTest" time="25.613"/>
  <system-out/>
</testsuite> <!-- sg360.testcases.Login_TC_001 -->
