<?xml version="1.0" encoding="UTF-8"?>
<!-- Generated by org.testng.reporters.JUnitReportReporter -->
<testsuite hostname="INBOOK_X1_SLIM" failures="0" tests="1" name="AlarmEvents.Alarm_TC_007" time="51.545" errors="0" timestamp="2023-12-01T12:08:16 IST" skipped="0">
  <testcase classname="AlarmEvents.Alarm_TC_007" name="googlemap" time="51.545"/>
  <system-out/>
</testsuite> <!-- AlarmEvents.Alarm_TC_007 -->
