<?xml version="1.0" encoding="UTF-8"?>
<!-- Generated by org.testng.reporters.JUnitReportReporter -->
<testsuite hostname="INBOOK_X1_SLIM" failures="0" tests="1" name="DeviceManagement.Devicemgt_TC_001" time="25.242" errors="0" timestamp="2023-12-01T12:33:06 IST" skipped="0">
  <testcase classname="DeviceManagement.Devicemgt_TC_001" name="searchtest" time="25.242"/>
  <system-out/>
</testsuite> <!-- DeviceManagement.Devicemgt_TC_001 -->
