<?xml version="1.0" encoding="UTF-8"?>
<!-- Generated by org.testng.reporters.JUnitReportReporter -->
<testsuite hostname="INBOOK_X1_SLIM" failures="0" tests="1" name="sg360.testcases.DeviceStatus_TC_001" time="39.629" errors="0" timestamp="2023-11-06T16:22:02 IST" skipped="0">
  <testcase classname="sg360.testcases.DeviceStatus_TC_001" name="alarmtest" time="39.629"/>
  <system-out/>
</testsuite> <!-- sg360.testcases.DeviceStatus_TC_001 -->
