<?xml version="1.0" encoding="UTF-8"?>
<!-- Generated by org.testng.reporters.JUnitReportReporter -->
<testsuite hostname="INBOOK_X1_SLIM" failures="0" tests="1" name="Device.Device_TC_004" time="32.820" errors="0" timestamp="2023-11-17T14:02:33 IST" skipped="0">
  <testcase classname="Device.Device_TC_004" name="devicetest" time="32.820"/>
  <system-out/>
</testsuite> <!-- Device.Device_TC_004 -->
