<?xml version="1.0" encoding="UTF-8"?>
<!-- Generated by org.testng.reporters.JUnitReportReporter -->
<testsuite hostname="INBOOK_X1_SLIM" failures="0" tests="1" name="Devicestatus.DeviceStatus_TC_001" time="39.675" errors="0" timestamp="2023-11-06T17:04:26 IST" skipped="0">
  <testcase classname="Devicestatus.DeviceStatus_TC_001" name="alarmtest" time="39.675"/>
  <system-out/>
</testsuite> <!-- Devicestatus.DeviceStatus_TC_001 -->
