<?xml version="1.0" encoding="UTF-8"?>
<!-- Generated by org.testng.reporters.JUnitReportReporter -->
<testsuite hostname="DESKTOP-A1RBS5Q" failures="0" tests="1" name="AlarmEvents.Alarm_TC_002" time="57.026" errors="0" timestamp="2023-11-30T11:36:04 IST" skipped="0">
  <testcase classname="AlarmEvents.Alarm_TC_002" name="arrowkeystest" time="57.026"/>
  <system-out/>
</testsuite> <!-- AlarmEvents.Alarm_TC_002 -->
