<?xml version="1.0" encoding="UTF-8"?>
<!-- Generated by org.testng.reporters.JUnitReportReporter -->
<testsuite hostname="INBOOK_X1_SLIM" failures="0" tests="1" name="sg360.testcases.Login_TC_002" time="1.096" errors="0" timestamp="2023-10-19T12:07:16 IST" skipped="0">
  <testcase classname="sg360.testcases.Login_TC_002" name="loginTest" time="1.096"/>
  <system-out/>
</testsuite> <!-- sg360.testcases.Login_TC_002 -->
