<?xml version="1.0" encoding="UTF-8"?>
<!-- Generated by org.testng.reporters.JUnitReportReporter -->
<testsuite hostname="INBOOK_X1_SLIM" failures="0" tests="1" name="AlarmEvents.Alarm_TC_001" time="28.322" errors="0" timestamp="2023-12-01T17:51:08 IST" skipped="0">
  <testcase classname="AlarmEvents.Alarm_TC_001" name="zoominouttest" time="28.322"/>
  <system-out/>
</testsuite> <!-- AlarmEvents.Alarm_TC_001 -->
