<?xml version="1.0" encoding="UTF-8"?>
<!-- Generated by org.testng.reporters.JUnitReportReporter -->
<testsuite hostname="INBOOK_X1_SLIM" failures="0" tests="1" name="AlarmEvents.Alarm_TC_003" time="47.272" errors="0" timestamp="2023-12-01T11:59:20 IST" skipped="0">
  <testcase classname="AlarmEvents.Alarm_TC_003" name="textkeyboardtest" time="47.272"/>
  <system-out/>
</testsuite> <!-- AlarmEvents.Alarm_TC_003 -->
