<?xml version="1.0" encoding="UTF-8"?>
<!-- Generated by org.testng.reporters.JUnitReportReporter -->
<testsuite hostname="INBOOK_X1_SLIM" failures="0" tests="1" name="logintest.Login_TC_002" time="1.090" errors="0" timestamp="2023-11-07T13:55:12 IST" skipped="0">
  <testcase classname="logintest.Login_TC_002" name="loginTest" time="1.090"/>
  <system-out/>
</testsuite> <!-- logintest.Login_TC_002 -->
