<?xml version="1.0" encoding="UTF-8"?>
<!-- Generated by org.testng.reporters.JUnitReportReporter -->
<testsuite hostname="INBOOK_X1_SLIM" failures="0" tests="1" name="Device.Device_TC_007" time="25.474" errors="0" timestamp="2023-11-17T16:01:49 IST" skipped="0">
  <testcase classname="Device.Device_TC_007" name="devicetest" time="25.474"/>
  <system-out/>
</testsuite> <!-- Device.Device_TC_007 -->
